/home/hejun/miniconda3/envs/neural-gaffer/lib/python3.11/site-packages/transformers/utils/generic.py:441: FutureWarning: `torch.utils._pytree._register_pytree_node` is deprecated. Please use `torch.utils._pytree.register_pytree_node` instead.
  _torch_pytree._register_pytree_node(
/home/hejun/miniconda3/envs/neural-gaffer/lib/python3.11/site-packages/transformers/utils/generic.py:309: FutureWarning: `torch.utils._pytree._register_pytree_node` is deprecated. Please use `torch.utils._pytree.register_pytree_node` instead.
  _torch_pytree._register_pytree_node(
/home/hejun/miniconda3/envs/neural-gaffer/lib/python3.11/site-packages/transformers/utils/generic.py:309: FutureWarning: `torch.utils._pytree._register_pytree_node` is deprecated. Please use `torch.utils._pytree.register_pytree_node` instead.
  _torch_pytree._register_pytree_node(
/home/hejun/miniconda3/envs/neural-gaffer/lib/python3.11/site-packages/numba/np/ufunc/parallel.py:373: NumbaWarning: The TBB threading layer requires TBB version 2021 update 6 or later i.e., TBB_INTERFACE_VERSION >= 12060. Found TBB_INTERFACE_VERSION = 12050. The TBB threading layer is disabled.
  warnings.warn(problem)
/home/hejun/miniconda3/envs/neural-gaffer/lib/python3.11/site-packages/accelerate/accelerator.py:477: FutureWarning: `torch.cuda.amp.GradScaler(args...)` is deprecated. Please use `torch.amp.GradScaler('cuda', args...)` instead.
  self.scaler = torch.cuda.amp.GradScaler(**kwargs)
INFO:accelerate.accelerator:Loading states from Neural_Gaffer/neural_gaffer_res256/checkpoint-80000
INFO:accelerate.checkpointing:All model weights loaded successfully
INFO:accelerate.checkpointing:All optimizer states loaded successfully
INFO:accelerate.checkpointing:All scheduler states loaded successfully
INFO:accelerate.checkpointing:All dataloader sampler states loaded successfully
INFO:accelerate.checkpointing:GradScaler state loaded successfully
INFO:accelerate.checkpointing:Could not load random states
INFO:accelerate.accelerator:Loading in 0 custom states
cc_projection/diffusion_pytorch_model.safetensors not found
The config attributes {'cc_projection': ['pipeline_zero1to3', 'CCProjection']} were passed to Neural_Gaffer_StableDiffusionPipeline, but are not expected and will be ignored. Please verify your model_index.json configuration file.
Keyword arguments {'cc_projection': ['pipeline_zero1to3', 'CCProjection']} are not expected by Neural_Gaffer_StableDiffusionPipeline and will be ignored.
✅ Loading checkpoint with Accelerator: Neural_Gaffer/neural_gaffer_res256/checkpoint-80000
Evaluating:   0%|          | 0/7248 [00:00<?, ?it/s]Evaluating:   0%|          | 0/7248 [00:12<?, ?it/s, PSNR=22.19, SPSNR=26.24, SSIM=0.65, LPIPS=0.18]Evaluating:   0%|          | 1/7248 [00:12<24:59:18, 12.41s/it, PSNR=22.19, SPSNR=26.24, SSIM=0.65, LPIPS=0.18]Evaluating:   0%|          | 1/7248 [00:21<24:59:18, 12.41s/it, PSNR=21.93, SPSNR=25.54, SSIM=0.66, LPIPS=0.20]Evaluating:   0%|          | 2/7248 [00:21<21:10:32, 10.52s/it, PSNR=21.93, SPSNR=25.54, SSIM=0.66, LPIPS=0.20]Evaluating:   0%|          | 2/7248 [00:30<21:10:32, 10.52s/it, PSNR=19.74, SPSNR=25.36, SSIM=0.64, LPIPS=0.23]Evaluating:   0%|          | 3/7248 [00:30<19:52:28,  9.88s/it, PSNR=19.74, SPSNR=25.36, SSIM=0.64, LPIPS=0.23]Evaluating:   0%|          | 3/7248 [00:39<19:52:28,  9.88s/it, PSNR=18.50, SPSNR=25.16, SSIM=0.62, LPIPS=0.25]Evaluating:   0%|          | 4/7248 [00:39<19:17:37,  9.59s/it, PSNR=18.50, SPSNR=25.16, SSIM=0.62, LPIPS=0.25]Evaluating:   0%|          | 4/7248 [00:49<19:17:37,  9.59s/it, PSNR=18.48, SPSNR=25.25, SSIM=0.62, LPIPS=0.23]Evaluating:   0%|          | 5/7248 [00:49<18:58:39,  9.43s/it, PSNR=18.48, SPSNR=25.25, SSIM=0.62, LPIPS=0.23]Evaluating:   0%|          | 5/7248 [00:58<18:58:39,  9.43s/it, PSNR=17.87, SPSNR=25.15, SSIM=0.60, LPIPS=0.24]Evaluating:   0%|          | 6/7248 [00:58<18:48:37,  9.35s/it, PSNR=17.87, SPSNR=25.15, SSIM=0.60, LPIPS=0.24]Evaluating:   0%|          | 6/7248 [01:07<18:48:37,  9.35s/it, PSNR=17.67, SPSNR=25.25, SSIM=0.59, LPIPS=0.25]Evaluating:   0%|          | 7/7248 [01:07<18:43:14,  9.31s/it, PSNR=17.67, SPSNR=25.25, SSIM=0.59, LPIPS=0.25]Evaluating:   0%|          | 7/7248 [01:16<18:43:14,  9.31s/it, PSNR=17.61, SPSNR=25.23, SSIM=0.59, LPIPS=0.25]Evaluating:   0%|          | 8/7248 [01:16<18:41:36,  9.30s/it, PSNR=17.61, SPSNR=25.23, SSIM=0.59, LPIPS=0.25]Evaluating:   0%|          | 8/7248 [01:26<18:41:36,  9.30s/it, PSNR=17.61, SPSNR=25.26, SSIM=0.59, LPIPS=0.25]Evaluating:   0%|          | 9/7248 [01:26<18:44:44,  9.32s/it, PSNR=17.61, SPSNR=25.26, SSIM=0.59, LPIPS=0.25]